<?xml version="1.0" encoding="utf-8"?><testsuites name="pytest tests"><testsuite name="pytest" errors="0" failures="0" skipped="0" tests="10" time="2.464" timestamp="2026-06-30T15:40:30.292740+00:00" hostname="agent-env-9ee7851b-5a1b-448c-8f61-24dea7bce554"><testcase classname="tests.test_converter_api" name="test_sample_endpoint" time="0.244" /><testcase classname="tests.test_converter_api" name="test_convert_sample_2020" time="0.106" /><testcase classname="tests.test_converter_api" name="test_convert_sample_2023_fewer" time="0.297" /><testcase classname="tests.test_converter_api" name="test_convert_rejects_txt" time="0.112" /><testcase classname="tests.test_converter_api" name="test_convert_rejects_empty" time="0.104" /><testcase classname="tests.test_converter_api" name="test_convert_rejects_invalid_target" time="0.104" /><testcase classname="tests.test_converter_api" name="test_download_aepx_content" time="0.252" /><testcase classname="tests.test_converter_api" name="test_download_zip" time="0.195" /><testcase classname="tests.test_converter_api" name="test_download_404" time="0.206" /><testcase classname="tests.test_converter_api" name="test_convert_aep_binary" time="0.226" /></testsuite></testsuites>